{"level":"error","message":"Error inserting user: insert into \"users\" (\"email\", \"name\", \"password\", \"role\") values ($1, $2, $3, $4) returning \"userid\", \"name\", \"email\", \"role\" - new row for relation \"users\" violates check constraint \"users_role_check\"","timestamp":"2025-03-27T22:51:45.444Z"}
{"level":"info","message":"User inserted: 2","timestamp":"2025-03-27T22:52:41.417Z"}
{"level":"error","message":"Error inserting user: error: insert into \"users\" (\"email\", \"isdeleted\", \"name\", \"password\", \"role\") values ($1, $2, $3, $4, $5) returning \"userid\", \"name\", \"email\", \"role\" - duplicate key value violates unique constraint \"users_email_key\"","timestamp":"2025-03-27T22:55:44.914Z"}
{"level":"error","message":"Error inserting user: insert into \"users\" (\"email\", \"isdeleted\", \"name\", \"password\", \"role\") values ($1, $2, $3, $4, $5) returning \"userid\", \"name\", \"email\", \"role\" - duplicate key value violates unique constraint \"users_email_key\"","timestamp":"2025-03-27T22:56:14.378Z"}
{"level":"error","message":"Error inserting user: error: insert into \"users\" (\"email\", \"isdeleted\", \"name\", \"password\", \"role\") values ($1, $2, $3, $4, $5) returning \"userid\", \"name\", \"email\", \"role\" - duplicate key value violates unique constraint \"users_email_key\"","timestamp":"2025-03-27T22:56:36.675Z"}
{"level":"info","message":"User inserted: 6","timestamp":"2025-03-27T22:57:28.596Z"}
{"level":"info","message":"User inserted: 7","timestamp":"2025-03-27T22:59:27.835Z"}
{"level":"info","message":"User inserted: 8","timestamp":"2025-03-27T23:00:43.737Z"}
{"level":"info","message":"User inserted: 9","timestamp":"2025-03-27T23:04:12.304Z"}
{"level":"error","message":"Error inserting user: insert into \"users\" (\"email\", \"isdeleted\", \"name\", \"password\", \"role\") values ($1, $2, $3, $4, $5) returning \"userid\", \"name\", \"email\", \"role\" - duplicate key value violates unique constraint \"users_email_key\"","timestamp":"2025-03-27T23:06:58.980Z"}
{"level":"error","message":"Error inserting user: insert into \"users\" (\"email\", \"isdeleted\", \"name\", \"password\", \"role\") values ($1, $2, $3, $4, $5) returning \"userid\", \"name\", \"email\", \"role\" - duplicate key value violates unique constraint \"users_email_key\"","timestamp":"2025-03-27T23:07:24.588Z"}
{"level":"info","message":"User inserted: 12","timestamp":"2025-03-27T23:07:57.017Z"}
{"level":"error","message":"Error inserting user: insert into \"users\" (\"email\", \"isdeleted\", \"name\", \"password\", \"role\") values ($1, $2, $3, $4, $5) returning \"userid\", \"name\", \"email\", \"role\" - duplicate key value violates unique constraint \"users_email_key\"","timestamp":"2025-03-27T23:10:06.085Z"}
{"level":"info","message":"User inserted: 14","timestamp":"2025-03-27T23:10:21.388Z"}
{"level":"error","message":"Error inserting course: select \"userid\", \"name\", \"email\", \"role\" from \"users\" where \"userid\" = $1 and \"isDeleted\" = $2 limit $3 - column \"isDeleted\" does not exist","timestamp":"2025-03-27T23:14:47.230Z"}
{"level":"error","message":"Error inserting course: select \"userid\", \"name\", \"email\", \"role\" from \"users\" where \"userid\" = $1 and \"isDeleted\" = $2 limit $3 - column \"isDeleted\" does not exist","timestamp":"2025-03-27T23:15:03.224Z"}
{"level":"info","message":"Course inserted: 1","timestamp":"2025-03-27T23:16:37.336Z"}
{"level":"error","message":"Error inserting assignment: Undefined binding(s) detected when compiling FIRST. Undefined column(s): [courseid] query: select \"courseid\", \"coursename\", \"instructorid\", \"startdate\", \"enddate\", \"isarchived\" from \"courses\" where \"isdeleted\" = ? and \"courseid\" = ? order by \"startdate\" desc limit ?","timestamp":"2025-03-27T23:20:18.612Z"}
{"level":"error","message":"Error inserting assignment: Undefined binding(s) detected when compiling FIRST. Undefined column(s): [courseid] query: select \"courseid\", \"coursename\", \"instructorid\", \"startdate\", \"enddate\", \"isarchived\" from \"courses\" where \"isdeleted\" = ? and \"courseid\" = ? order by \"startdate\" desc limit ?","timestamp":"2025-03-27T23:21:03.567Z"}
{"level":"error","message":"Error inserting assignment: req is not defined","timestamp":"2025-03-27T23:22:15.386Z"}
{"level":"error","message":"Error inserting assignment: insert into \"assignments\" (\"courseid\", \"deadline\", \"description\", \"isdeleted\", \"maxscore\", \"title\", \"weightage\") values ($1, $2, $3, $4, DEFAULT, $5, $6) returning \"assignid\", \"courseid\", \"title\", \"description\", \"deadline\", \"maxscore\", \"weightage\" - null value in column \"maxscore\" of relation \"assignments\" violates not-null constraint","timestamp":"2025-03-27T23:25:17.709Z"}
{"level":"info","message":"Assignment inserted: 2","timestamp":"2025-03-27T23:26:21.643Z"}
{"level":"error","message":"Error fetching user by email undefined: Undefined binding(s) detected when compiling FIRST. Undefined column(s): [email] query: select * from \"users\" where \"email\" = ? and \"isdeleted\" = ? limit ?","timestamp":"2025-03-28T15:09:30.042Z"}
{"level":"error","message":"Error fetching user by email undefined: Undefined binding(s) detected when compiling FIRST. Undefined column(s): [email] query: select * from \"users\" where \"email\" = ? and \"isdeleted\" = ? limit ?","timestamp":"2025-03-28T15:14:39.489Z"}
{"level":"error","message":"Error inserting user: Invalid role. Valid roles are: student, grader, instructor.","timestamp":"2025-03-28T15:25:03.929Z"}
{"level":"error","message":"Error inserting user: Invalid role. Valid roles are: student, grader, instructor.","timestamp":"2025-03-28T15:26:09.636Z"}
{"level":"error","message":"Error inserting user: Invalid role. Valid roles are: student, grader, instructor.","timestamp":"2025-03-28T15:26:29.084Z"}
{"level":"error","message":"Error inserting user: Invalid role. Valid roles are: student, grader, instructor.","timestamp":"2025-03-28T15:50:13.476Z"}
{"level":"error","message":"Error inserting user: Invalid role. Valid roles are: student, grader, instructor.","timestamp":"2025-03-28T15:53:43.990Z"}
{"level":"error","message":"Error inserting user: Invalid role. Valid roles are: Student, Grader, Instructor.","timestamp":"2025-03-28T15:54:51.796Z"}
{"level":"error","message":"Error inserting user: Invalid role. Valid roles are: Student, Grader, Instructor.","timestamp":"2025-03-28T15:56:48.597Z"}
{"level":"info","message":"User inserted: 15","timestamp":"2025-03-28T15:58:22.479Z"}
